<?xml version="1.0" encoding="UTF-8"?>
<!-- Generated by org.testng.reporters.JUnitReportReporter -->
<testsuite hostname="LAPTOP-9RA61TAA" failures="0" tests="1" name="com.web.automation.tests.CarbCalculatorFlow" time="5.478" errors="0" timestamp="2024-01-15T10:32:31 GMT-05:00" skipped="0">
  <testcase classname="com.web.automation.tests.CarbCalculatorFlow" name="carbEstimationFlow" time="5.478"/>
</testsuite> <!-- com.web.automation.tests.CarbCalculatorFlow -->
